<?xml version="1.0" encoding="UTF-8"?>
<testsuite xmlns:xsi="http://www.w3.org/2001/XMLSchema-instance" xsi:noNamespaceSchemaLocation="https://maven.apache.org/surefire/maven-surefire-plugin/xsd/surefire-test-report.xsd" name="it.unipd.mtss.ArabsToRomansTest" time="0.047" tests="13" errors="0" skipped="0" failures="0">
  <properties>
    <property name="sun.desktop" value="windows"/>
    <property name="awt.toolkit" value="sun.awt.windows.WToolkit"/>
    <property name="file.encoding.pkg" value="sun.io"/>
    <property name="java.specification.version" value="1.8"/>
    <property name="sun.cpu.isalist" value="amd64"/>
    <property name="sun.jnu.encoding" value="Cp1252"/>
    <property name="java.class.path" value="C:\Users\Gabriele Magno\Desktop\New\Roman-Number\target\test-classes;C:\Users\Gabriele Magno\Desktop\New\Roman-Number\target\classes;C:\Users\Gabriele Magno\.m2\repository\junit\junit\4.11\junit-4.11.jar;C:\Users\Gabriele Magno\.m2\repository\org\hamcrest\hamcrest-core\1.3\hamcrest-core-1.3.jar;"/>
    <property name="java.vm.vendor" value="Temurin"/>
    <property name="sun.arch.data.model" value="64"/>
    <property name="user.variant" value=""/>
    <property name="java.vendor.url" value="https://adoptium.net/"/>
    <property name="user.timezone" value="Europe/Berlin"/>
    <property name="java.vm.specification.version" value="1.8"/>
    <property name="os.name" value="Windows 11"/>
    <property name="user.country" value="IT"/>
    <property name="sun.java.launcher" value="SUN_STANDARD"/>
    <property name="sun.boot.library.path" value="C:\Program Files\Eclipse Adoptium\jdk-8.0.412.8-hotspot\jre\bin"/>
    <property name="sun.java.command" value="C:\Users\GABRIE~1\AppData\Local\Temp\surefire3618108114491493264\surefirebooter943651284539042822.jar C:\Users\Gabriele Magno\AppData\Local\Temp\surefire3618108114491493264 2024-05-16T23-21-16_356-jvmRun1 surefire6070669970274422500tmp surefire_03664654495563539205tmp"/>
    <property name="surefire.test.class.path" value="C:\Users\Gabriele Magno\Desktop\New\Roman-Number\target\test-classes;C:\Users\Gabriele Magno\Desktop\New\Roman-Number\target\classes;C:\Users\Gabriele Magno\.m2\repository\junit\junit\4.11\junit-4.11.jar;C:\Users\Gabriele Magno\.m2\repository\org\hamcrest\hamcrest-core\1.3\hamcrest-core-1.3.jar;"/>
    <property name="sun.cpu.endian" value="little"/>
    <property name="user.home" value="C:\Users\Gabriele Magno"/>
    <property name="user.language" value="it"/>
    <property name="java.specification.vendor" value="Oracle Corporation"/>
    <property name="java.home" value="C:\Program Files\Eclipse Adoptium\jdk-8.0.412.8-hotspot\jre"/>
    <property name="basedir" value="C:\Users\Gabriele Magno\Desktop\New\Roman-Number"/>
    <property name="file.separator" value="\"/>
    <property name="line.separator" value="&#10;"/>
    <property name="java.vm.specification.vendor" value="Oracle Corporation"/>
    <property name="java.specification.name" value="Java Platform API Specification"/>
    <property name="java.awt.graphicsenv" value="sun.awt.Win32GraphicsEnvironment"/>
    <property name="surefire.real.class.path" value="C:\Users\GABRIE~1\AppData\Local\Temp\surefire3618108114491493264\surefirebooter943651284539042822.jar;C:\\Users\\Gabriele Magno\\.m2\\repository\\org\\jacoco\\org.jacoco.agent\\0.8.8\\org.jacoco.agent-0.8.8-runtime.jar"/>
    <property name="sun.boot.class.path" value="C:\Program Files\Eclipse Adoptium\jdk-8.0.412.8-hotspot\jre\lib\resources.jar;C:\Program Files\Eclipse Adoptium\jdk-8.0.412.8-hotspot\jre\lib\rt.jar;C:\Program Files\Eclipse Adoptium\jdk-8.0.412.8-hotspot\jre\lib\sunrsasign.jar;C:\Program Files\Eclipse Adoptium\jdk-8.0.412.8-hotspot\jre\lib\jsse.jar;C:\Program Files\Eclipse Adoptium\jdk-8.0.412.8-hotspot\jre\lib\jce.jar;C:\Program Files\Eclipse Adoptium\jdk-8.0.412.8-hotspot\jre\lib\charsets.jar;C:\Program Files\Eclipse Adoptium\jdk-8.0.412.8-hotspot\jre\lib\jfr.jar;C:\Program Files\Eclipse Adoptium\jdk-8.0.412.8-hotspot\jre\classes"/>
    <property name="user.script" value=""/>
    <property name="sun.management.compiler" value="HotSpot 64-Bit Tiered Compilers"/>
    <property name="java.runtime.version" value="1.8.0_412-b08"/>
    <property name="user.name" value="Gabriele Magno"/>
    <property name="path.separator" value=";"/>
    <property name="os.version" value="10.0"/>
    <property name="java.endorsed.dirs" value="C:\Program Files\Eclipse Adoptium\jdk-8.0.412.8-hotspot\jre\lib\endorsed"/>
    <property name="java.runtime.name" value="OpenJDK Runtime Environment"/>
    <property name="file.encoding" value="Cp1252"/>
    <property name="java.vm.name" value="OpenJDK 64-Bit Server VM"/>
    <property name="localRepository" value="C:\Users\Gabriele Magno\.m2\repository"/>
    <property name="java.vendor.url.bug" value="https://github.com/adoptium/adoptium-support/issues"/>
    <property name="java.io.tmpdir" value="C:\Users\GABRIE~1\AppData\Local\Temp\"/>
    <property name="java.version" value="1.8.0_412"/>
    <property name="user.dir" value="C:\Users\Gabriele Magno\Desktop\New\Roman-Number"/>
    <property name="os.arch" value="amd64"/>
    <property name="java.vm.specification.name" value="Java Virtual Machine Specification"/>
    <property name="java.awt.printerjob" value="sun.awt.windows.WPrinterJob"/>
    <property name="sun.os.patch.level" value=""/>
    <property name="java.library.path" value="C:\Program Files\Eclipse Adoptium\jdk-8.0.412.8-hotspot\jre\bin;C:\WINDOWS\Sun\Java\bin;C:\WINDOWS\system32;C:\WINDOWS;C:\Program Files\Eclipse Adoptium\jdk-8.0.412.8-hotspot\bin;C:\Program Files\Eclipse Adoptium\jdk-21.0.2.13-hotspot\bin;C:\Program Files\Microsoft\jdk-11.0.16.101-hotspot\bin;C:\Program Files\Common Files\Oracle\Java\javapath;C:\Program Files (x86)\Common Files\Oracle\Java\javapath;C:\windows\system32;C:\windows;C:\windows\System32\Wbem;C:\windows\System32\WindowsPowerShell\v1.0\;C:\windows\System32\OpenSSH\;C:\Program Files\NVIDIA Corporation\NVIDIA NvDLISR;C:\Program Files (x86)\NVIDIA Corporation\PhysX\Common;C:\Program Files\dotnet\;C:\WINDOWS\system32;C:\WINDOWS;C:\WINDOWS\System32\Wbem;C:\WINDOWS\System32\WindowsPowerShell\v1.0\;C:\WINDOWS\System32\OpenSSH\;&quot;C:\MinGW\msys\1.0\bin;C:\MinGW\bin&quot;;C:\Users\Gabriele Magno\Downloads\winlibs-x86_64-posix-seh-gcc-12.2.0-llvm-15.0.7-mingw-w64ucrt-10.0.0-r4\mingw64\bin;C:\cygwin64;C:\Program Files\Git\cmd;C:\Program Files\Java\jdk-21\bin;C:\Program Files\TortoiseHg\;C:\Users\Gabriele Magno\Downloads\apache-maven-3.9.6-bin\apache-maven-3.9.6\bin;C:\Users\Gabriele Magno\AppData\Local\Programs\Python\Python312\Scripts\;C:\Users\Gabriele Magno\AppData\Local\Programs\Python\Python312\;C:\Users\Gabriele Magno\AppData\Local\Programs\Python\Python310\Scripts\;C:\Users\Gabriele Magno\AppData\Local\Programs\Python\Python310\;C:\Users\Gabriele Magno\AppData\Local\Microsoft\WindowsApps;;C:\Users\Gabriele Magno\AppData\Local\Programs\Microsoft VS Code\bin;C:\Program Files\JetBrains\IntelliJ IDEA 2024.1\bin;;."/>
    <property name="java.vm.info" value="mixed mode"/>
    <property name="java.vendor" value="Temurin"/>
    <property name="java.vm.version" value="25.412-b08"/>
    <property name="java.specification.maintenance.version" value="5"/>
    <property name="java.ext.dirs" value="C:\Program Files\Eclipse Adoptium\jdk-8.0.412.8-hotspot\jre\lib\ext;C:\WINDOWS\Sun\Java\lib\ext"/>
    <property name="sun.io.unicode.encoding" value="UnicodeLittle"/>
    <property name="java.class.version" value="52.0"/>
  </properties>
  <testcase name="NumberToLetter10" classname="it.unipd.mtss.ArabsToRomansTest" time="0.002"/>
  <testcase name="NumberToLetter20" classname="it.unipd.mtss.ArabsToRomansTest" time="0"/>
  <testcase name="NumberToLetter50" classname="it.unipd.mtss.ArabsToRomansTest" time="0"/>
  <testcase name="CasoParticolare4" classname="it.unipd.mtss.ArabsToRomansTest" time="0"/>
  <testcase name="CasoParticolare9" classname="it.unipd.mtss.ArabsToRomansTest" time="0"/>
  <testcase name="CasoParticolare900" classname="it.unipd.mtss.ArabsToRomansTest" time="0"/>
  <testcase name="NumberToLetter3" classname="it.unipd.mtss.ArabsToRomansTest" time="0"/>
  <testcase name="NumberToLetter6" classname="it.unipd.mtss.ArabsToRomansTest" time="0"/>
  <testcase name="CasoMax3999" classname="it.unipd.mtss.ArabsToRomansTest" time="0"/>
  <testcase name="CasoParticolare40" classname="it.unipd.mtss.ArabsToRomansTest" time="0.001"/>
  <testcase name="NumberToLetter1000" classname="it.unipd.mtss.ArabsToRomansTest" time="0"/>
  <testcase name="NumberToLetter100" classname="it.unipd.mtss.ArabsToRomansTest" time="0"/>
  <testcase name="NumberToLetter500" classname="it.unipd.mtss.ArabsToRomansTest" time="0"/>
</testsuite>